[INFO] 2025-12-02 20:48:30,649 django.utils.autoreload — Watching for file changes with StatReloader
[WARNING] 2025-12-02 20:48:34,449 django.server — "GET / HTTP/1.1" 404 2474
[WARNING] 2025-12-02 20:48:34,869 django.server — "GET /favicon.ico HTTP/1.1" 404 2525
[INFO] 2025-12-02 20:48:40,341 django.server — "GET /api/ HTTP/1.1" 200 10741
[INFO] 2025-12-02 20:48:40,355 django.server — "GET /static/api/style.css HTTP/1.1" 304 0
[INFO] 2025-12-02 20:48:40,627 django.server — "GET /static/api/main.js HTTP/1.1" 200 37538
[INFO] 2025-12-02 20:48:40,748 django.server — "GET /api/memes/ HTTP/1.1" 200 2
[INFO] 2025-12-02 20:48:40,749 api.views — Mileage GET requested by user 13
[INFO] 2025-12-02 20:48:40,755 django.server — "GET /api/memes/ HTTP/1.1" 200 2
[INFO] 2025-12-02 20:48:40,756 api.views — Returning latest mileage result for user 13
[INFO] 2025-12-02 20:48:40,781 django.server — "GET /api/mileage/ HTTP/1.1" 200 158
[INFO] 2025-12-02 20:48:40,964 django.server — "GET /api/runners/quiz/ HTTP/1.1" 200 1922
[INFO] 2025-12-02 20:48:40,971 django.server — "OPTIONS /api/stories/ HTTP/1.1" 200 0
[INFO] 2025-12-02 20:48:40,987 django.server — "GET /api/runners/ HTTP/1.1" 200 3377
[INFO] 2025-12-02 20:48:41,011 django.server — "OPTIONS /api/website-rating/ HTTP/1.1" 200 0
[INFO] 2025-12-02 20:48:41,028 django.server — "GET /api/stories/ HTTP/1.1" 200 466
[INFO] 2025-12-02 20:48:41,030 django.server — "GET /api/runners/ HTTP/1.1" 200 3377
[INFO] 2025-12-02 20:48:41,052 django.server — "GET /api/quizzes/1/ HTTP/1.1" 200 611
[INFO] 2025-12-02 20:48:41,068 django.server — "GET /api/website-rating/ HTTP/1.1" 200 12
[INFO] 2025-12-02 20:48:41,068 django.server — "GET /api/timeline/ HTTP/1.1" 200 6708
[INFO] 2025-12-02 20:48:41,079 django.server — "GET /api/timeline/ HTTP/1.1" 200 6708
[INFO] 2025-12-02 20:48:41,079 django.server — "GET /api/quizzes/2/ HTTP/1.1" 200 2077
[INFO] 2025-12-02 20:48:41,093 django.server — "GET /api/events/1/references/ HTTP/1.1" 200 899
[INFO] 2025-12-02 20:48:41,099 django.server — "GET /api/events/2/references/ HTTP/1.1" 200 896
[INFO] 2025-12-02 20:48:41,108 django.server — "GET /api/events/3/references/ HTTP/1.1" 200 606
[INFO] 2025-12-02 20:48:41,112 django.server — "GET /api/events/4/references/ HTTP/1.1" 200 950
[INFO] 2025-12-02 20:48:41,122 django.server — "GET /api/events/5/references/ HTTP/1.1" 200 758
[INFO] 2025-12-02 20:48:41,127 django.server — "GET /api/events/6/references/ HTTP/1.1" 200 891
[INFO] 2025-12-02 20:49:02,965 api.views — Mileage POST requested by user 13 with data: {'age': 'twentyforty', 'injury': 'yes', 'desiredMileage': 50}
[INFO] 2025-12-02 20:49:02,970 api.views — Valid input for user 13: age=twentyforty, injury=yes, desired=50
[INFO] 2025-12-02 20:49:02,970 api.views — Mileage calculated for user 13: start=20, jump=3, weeks=10, final_desired=50
[INFO] 2025-12-02 20:49:02,991 api.views — Mileage result saved for user 13, id=3
[INFO] 2025-12-02 20:49:02,996 django.server — "POST /api/mileage/ HTTP/1.1" 201 156
[INFO] 2025-12-02 20:57:40,985 django.utils.autoreload — C:\Users\zarni\Desktop\hello-world\projectweb\backend\backend\settings.py changed, reloading.
